{"C:\\Users\\Norton\\Desktop\\Projetos\\CamposHarmonicos\\src\\components\\chordButton\\index.tsx": {"path":"C:\\Users\\Norton\\Desktop\\Projetos\\CamposHarmonicos\\src\\components\\chordButton\\index.tsx","statementMap":{"0":{"start":{"line":11,"column":1},"end":{"line":15,"column":3}}},"fnMap":{"0":{"name":"ChordButton","decl":{"start":{"line":10,"column":16},"end":{"line":10,"column":27}},"loc":{"start":{"line":10,"column":55},"end":{"line":16,"column":1}},"line":10}},"branchMap":{},"s":{"0":1},"f":{"0":1},"b":{},"_coverageSchema":"1a1c01bbd47fc00a2c39e90264f33305004495a9","hash":"7e69a20a2d74afab67b3e08f02f377eadddbd571"}
,"C:\\Users\\Norton\\Desktop\\Projetos\\CamposHarmonicos\\src\\components\\chordButton\\styles.ts": {"path":"C:\\Users\\Norton\\Desktop\\Projetos\\CamposHarmonicos\\src\\components\\chordButton\\styles.ts","statementMap":{"0":{"start":{"line":4,"column":14},"end":{"line":4,"column":44}},"1":{"start":{"line":6,"column":25},"end":{"line":14,"column":1}},"2":{"start":{"line":9,"column":33},"end":{"line":9,"column":70}},"3":{"start":{"line":16,"column":21},"end":{"line":20,"column":1}},"4":{"start":{"line":17,"column":28},"end":{"line":17,"column":45}},"5":{"start":{"line":19,"column":34},"end":{"line":19,"column":50}}},"fnMap":{"0":{"name":"(anonymous_0)","decl":{"start":{"line":9,"column":18},"end":{"line":9,"column":19}},"loc":{"start":{"line":9,"column":33},"end":{"line":9,"column":70}},"line":9},"1":{"name":"(anonymous_1)","decl":{"start":{"line":17,"column":13},"end":{"line":17,"column":14}},"loc":{"start":{"line":17,"column":28},"end":{"line":17,"column":45}},"line":17},"2":{"name":"(anonymous_2)","decl":{"start":{"line":19,"column":19},"end":{"line":19,"column":20}},"loc":{"start":{"line":19,"column":34},"end":{"line":19,"column":50}},"line":19}},"branchMap":{},"s":{"0":1,"1":1,"2":1,"3":1,"4":1,"5":1},"f":{"0":1,"1":1,"2":1},"b":{},"_coverageSchema":"1a1c01bbd47fc00a2c39e90264f33305004495a9","hash":"1de84ba9420b5603d434a3b764a6e0c6f6945e25"}
,"C:\\Users\\Norton\\Desktop\\Projetos\\CamposHarmonicos\\src\\components\\tagButton\\index.tsx": {"path":"C:\\Users\\Norton\\Desktop\\Projetos\\CamposHarmonicos\\src\\components\\tagButton\\index.tsx","statementMap":{"0":{"start":{"line":14,"column":2},"end":{"line":14,"column":12}},"1":{"start":{"line":17,"column":1},"end":{"line":21,"column":3}}},"fnMap":{"0":{"name":"TagButton","decl":{"start":{"line":11,"column":16},"end":{"line":11,"column":25}},"loc":{"start":{"line":11,"column":63},"end":{"line":22,"column":1}},"line":11},"1":{"name":"handleSelectedChanged","decl":{"start":{"line":13,"column":10},"end":{"line":13,"column":31}},"loc":{"start":{"line":13,"column":34},"end":{"line":15,"column":2}},"line":13}},"branchMap":{},"s":{"0":0,"1":1},"f":{"0":1,"1":0},"b":{},"_coverageSchema":"1a1c01bbd47fc00a2c39e90264f33305004495a9","hash":"69f40e9af7c623e865b223097a02fbde4c1a676d"}
,"C:\\Users\\Norton\\Desktop\\Projetos\\CamposHarmonicos\\src\\components\\tagButton\\styles.ts": {"path":"C:\\Users\\Norton\\Desktop\\Projetos\\CamposHarmonicos\\src\\components\\tagButton\\styles.ts","statementMap":{"0":{"start":{"line":9,"column":25},"end":{"line":15,"column":1}},"1":{"start":{"line":11,"column":48},"end":{"line":11,"column":123}},"2":{"start":{"line":14,"column":47},"end":{"line":14,"column":104}},"3":{"start":{"line":17,"column":21},"end":{"line":21,"column":1}},"4":{"start":{"line":18,"column":38},"end":{"line":18,"column":107}},"5":{"start":{"line":20,"column":34},"end":{"line":20,"column":50}}},"fnMap":{"0":{"name":"(anonymous_0)","decl":{"start":{"line":11,"column":23},"end":{"line":11,"column":24}},"loc":{"start":{"line":11,"column":48},"end":{"line":11,"column":123}},"line":11},"1":{"name":"(anonymous_1)","decl":{"start":{"line":14,"column":22},"end":{"line":14,"column":23}},"loc":{"start":{"line":14,"column":47},"end":{"line":14,"column":104}},"line":14},"2":{"name":"(anonymous_2)","decl":{"start":{"line":18,"column":13},"end":{"line":18,"column":14}},"loc":{"start":{"line":18,"column":38},"end":{"line":18,"column":107}},"line":18},"3":{"name":"(anonymous_3)","decl":{"start":{"line":20,"column":19},"end":{"line":20,"column":20}},"loc":{"start":{"line":20,"column":34},"end":{"line":20,"column":50}},"line":20}},"branchMap":{"0":{"loc":{"start":{"line":11,"column":48},"end":{"line":11,"column":123}},"type":"cond-expr","locations":[{"start":{"line":11,"column":59},"end":{"line":11,"column":82}},{"start":{"line":11,"column":85},"end":{"line":11,"column":123}}],"line":11},"1":{"loc":{"start":{"line":14,"column":47},"end":{"line":14,"column":104}},"type":"cond-expr","locations":[{"start":{"line":14,"column":58},"end":{"line":14,"column":78}},{"start":{"line":14,"column":81},"end":{"line":14,"column":104}}],"line":14},"2":{"loc":{"start":{"line":18,"column":38},"end":{"line":18,"column":107}},"type":"cond-expr","locations":[{"start":{"line":18,"column":49},"end":{"line":18,"column":66}},{"start":{"line":18,"column":69},"end":{"line":18,"column":107}}],"line":18}},"s":{"0":1,"1":1,"2":1,"3":1,"4":1,"5":1},"f":{"0":1,"1":1,"2":1,"3":1},"b":{"0":[0,1],"1":[0,1],"2":[0,1]},"_coverageSchema":"1a1c01bbd47fc00a2c39e90264f33305004495a9","hash":"e4f59441b7f5c8ede33c2e4e5b05f76a771f1755"}
,"C:\\Users\\Norton\\Desktop\\Projetos\\CamposHarmonicos\\src\\data\\camposMaiores.ts": {"path":"C:\\Users\\Norton\\Desktop\\Projetos\\CamposHarmonicos\\src\\data\\camposMaiores.ts","statementMap":{"0":{"start":{"line":5,"column":1},"end":{"line":34,"column":2}},"1":{"start":{"line":37,"column":1},"end":{"line":58,"column":2}}},"fnMap":{},"branchMap":{},"s":{"0":1,"1":1},"f":{},"b":{},"_coverageSchema":"1a1c01bbd47fc00a2c39e90264f33305004495a9","hash":"1823f2ead87f2b969b4f824e2bf48660dff8467a"}
,"C:\\Users\\Norton\\Desktop\\Projetos\\CamposHarmonicos\\src\\data\\camposMenores.ts": {"path":"C:\\Users\\Norton\\Desktop\\Projetos\\CamposHarmonicos\\src\\data\\camposMenores.ts","statementMap":{"0":{"start":{"line":5,"column":1},"end":{"line":34,"column":2}},"1":{"start":{"line":37,"column":1},"end":{"line":58,"column":2}}},"fnMap":{},"branchMap":{},"s":{"0":1,"1":1},"f":{},"b":{},"_coverageSchema":"1a1c01bbd47fc00a2c39e90264f33305004495a9","hash":"3c9dd66d454b6b6eabe4462f9f7d901c90d662c0"}
,"C:\\Users\\Norton\\Desktop\\Projetos\\CamposHarmonicos\\src\\data\\index.ts": {"path":"C:\\Users\\Norton\\Desktop\\Projetos\\CamposHarmonicos\\src\\data\\index.ts","statementMap":{"0":{"start":{"line":5,"column":50},"end":{"line":5,"column":135}}},"fnMap":{},"branchMap":{},"s":{"0":1},"f":{},"b":{},"_coverageSchema":"1a1c01bbd47fc00a2c39e90264f33305004495a9","hash":"23dcba55f80a50385b81d8e2af00d1b55000464a"}
,"C:\\Users\\Norton\\Desktop\\Projetos\\CamposHarmonicos\\src\\tests\\index.ts": {"path":"C:\\Users\\Norton\\Desktop\\Projetos\\CamposHarmonicos\\src\\tests\\index.ts","statementMap":{},"fnMap":{},"branchMap":{},"s":{},"f":{},"b":{},"_coverageSchema":"1a1c01bbd47fc00a2c39e90264f33305004495a9","hash":"8b8cadbd7a62b62f99f7117f2744426e2705452e"}
,"C:\\Users\\Norton\\Desktop\\Projetos\\CamposHarmonicos\\src\\tests\\renderers.tsx": {"path":"C:\\Users\\Norton\\Desktop\\Projetos\\CamposHarmonicos\\src\\tests\\renderers.tsx","statementMap":{"0":{"start":{"line":6,"column":1},"end":{"line":10,"column":3}}},"fnMap":{"0":{"name":"RenderWithTheme","decl":{"start":{"line":5,"column":16},"end":{"line":5,"column":31}},"loc":{"start":{"line":5,"column":46},"end":{"line":11,"column":1}},"line":5}},"branchMap":{},"s":{"0":2},"f":{"0":2},"b":{},"_coverageSchema":"1a1c01bbd47fc00a2c39e90264f33305004495a9","hash":"f4ba19a61b99092674a64914fd523918ac2e3219"}
,"C:\\Users\\Norton\\Desktop\\Projetos\\CamposHarmonicos\\src\\theme\\index.ts": {"path":"C:\\Users\\Norton\\Desktop\\Projetos\\CamposHarmonicos\\src\\theme\\index.ts","statementMap":{"0":{"start":{"line":20,"column":0},"end":{"line":36,"column":1}}},"fnMap":{},"branchMap":{},"s":{"0":2},"f":{},"b":{},"_coverageSchema":"1a1c01bbd47fc00a2c39e90264f33305004495a9","hash":"f3a6cdfc9290a34dcaff32385430b09432b260a3"}
}
