{"C:\\Users\\Norton\\Desktop\\Projetos\\CamposHarmonicos\\src\\components\\tagButton\\index.tsx": {"path":"C:\\Users\\Norton\\Desktop\\Projetos\\CamposHarmonicos\\src\\components\\tagButton\\index.tsx","statementMap":{"0":{"start":{"line":11,"column":1},"end":{"line":17,"column":3}}},"fnMap":{"0":{"name":"TagButton","decl":{"start":{"line":10,"column":16},"end":{"line":10,"column":25}},"loc":{"start":{"line":10,"column":44},"end":{"line":18,"column":1}},"line":10}},"branchMap":{},"s":{"0":1},"f":{"0":1},"b":{},"_coverageSchema":"1a1c01bbd47fc00a2c39e90264f33305004495a9","hash":"2c0abcff7eb353eab8b3db8b5757083c6019375b"}
,"C:\\Users\\Norton\\Desktop\\Projetos\\CamposHarmonicos\\src\\components\\tagButton\\styles.ts": {"path":"C:\\Users\\Norton\\Desktop\\Projetos\\CamposHarmonicos\\src\\components\\tagButton\\styles.ts","statementMap":{"0":{"start":{"line":3,"column":25},"end":{"line":5,"column":1}}},"fnMap":{},"branchMap":{},"s":{"0":1},"f":{},"b":{},"_coverageSchema":"1a1c01bbd47fc00a2c39e90264f33305004495a9","hash":"b3da0e2ce4d1fa10a9d1c44f63a2c47dba26db2a"}
}
