TN:
SF:src\components\chordButton\index.tsx
FN:10,ChordButton
FNF:1
FNH:1
FNDA:1,ChordButton
DA:11,1
LF:1
LH:1
BRF:0
BRH:0
end_of_record
TN:
SF:src\components\chordButton\styles.ts
FN:9,(anonymous_0)
FN:17,(anonymous_1)
FN:19,(anonymous_2)
FNF:3
FNH:3
FNDA:1,(anonymous_0)
FNDA:1,(anonymous_1)
FNDA:1,(anonymous_2)
DA:4,1
DA:6,1
DA:9,1
DA:16,1
DA:17,1
DA:19,1
LF:6
LH:6
BRF:0
BRH:0
end_of_record
TN:
SF:src\components\tagButton\index.tsx
FN:11,TagButton
FN:13,handleSelectedChanged
FNF:2
FNH:1
FNDA:1,TagButton
FNDA:0,handleSelectedChanged
DA:14,0
DA:17,1
LF:2
LH:1
BRF:0
BRH:0
end_of_record
TN:
SF:src\components\tagButton\styles.ts
FN:11,(anonymous_0)
FN:14,(anonymous_1)
FN:18,(anonymous_2)
FN:20,(anonymous_3)
FNF:4
FNH:4
FNDA:1,(anonymous_0)
FNDA:1,(anonymous_1)
FNDA:1,(anonymous_2)
FNDA:1,(anonymous_3)
DA:9,1
DA:11,1
DA:14,1
DA:17,1
DA:18,1
DA:20,1
LF:6
LH:6
BRDA:11,0,0,0
BRDA:11,0,1,1
BRDA:14,1,0,0
BRDA:14,1,1,1
BRDA:18,2,0,0
BRDA:18,2,1,1
BRF:6
BRH:3
end_of_record
TN:
SF:src\data\camposMaiores.ts
FNF:0
FNH:0
DA:5,1
DA:37,1
LF:2
LH:2
BRF:0
BRH:0
end_of_record
TN:
SF:src\data\camposMenores.ts
FNF:0
FNH:0
DA:5,1
DA:37,1
LF:2
LH:2
BRF:0
BRH:0
end_of_record
TN:
SF:src\data\index.ts
FNF:0
FNH:0
DA:5,1
LF:1
LH:1
BRF:0
BRH:0
end_of_record
TN:
SF:src\tests\index.ts
FNF:0
FNH:0
LF:0
LH:0
BRF:0
BRH:0
end_of_record
TN:
SF:src\tests\renderers.tsx
FN:5,RenderWithTheme
FNF:1
FNH:1
FNDA:2,RenderWithTheme
DA:6,2
LF:1
LH:1
BRF:0
BRH:0
end_of_record
TN:
SF:src\theme\index.ts
FNF:0
FNH:0
DA:20,2
LF:1
LH:1
BRF:0
BRH:0
end_of_record
